c:\users\asus\desktop\vulkan_renderer\platforming_game\x64\debug\vc143.pdb
c:\users\asus\desktop\vulkan_renderer\platforming_game\x64\debug\vc143.idb
c:\users\asus\desktop\vulkan_renderer\platforming_game\x64\debug\application.obj
c:\users\asus\desktop\vulkan_renderer\platforming_game\x64\debug\platforming_game.tlog\cl.command.1.tlog
c:\users\asus\desktop\vulkan_renderer\platforming_game\x64\debug\platforming_game.tlog\cl.items.tlog
c:\users\asus\desktop\vulkan_renderer\platforming_game\x64\debug\platforming_game.tlog\cl.read.1.tlog
c:\users\asus\desktop\vulkan_renderer\platforming_game\x64\debug\platforming_game.tlog\cl.write.1.tlog
c:\users\asus\desktop\vulkan_renderer\platforming_game\x64\debug\platforming_game.tlog\link-cvtres.read.1.tlog
c:\users\asus\desktop\vulkan_renderer\platforming_game\x64\debug\platforming_game.tlog\link-cvtres.write.1.tlog
c:\users\asus\desktop\vulkan_renderer\platforming_game\x64\debug\platforming_game.tlog\link-rc.read.1.tlog
c:\users\asus\desktop\vulkan_renderer\platforming_game\x64\debug\platforming_game.tlog\link-rc.write.1.tlog
c:\users\asus\desktop\vulkan_renderer\platforming_game\x64\debug\platforming_game.tlog\link.14044-cvtres.read.1.tlog
c:\users\asus\desktop\vulkan_renderer\platforming_game\x64\debug\platforming_game.tlog\link.14044-cvtres.write.1.tlog
c:\users\asus\desktop\vulkan_renderer\platforming_game\x64\debug\platforming_game.tlog\link.14044-rc.read.1.tlog
c:\users\asus\desktop\vulkan_renderer\platforming_game\x64\debug\platforming_game.tlog\link.14044-rc.write.1.tlog
c:\users\asus\desktop\vulkan_renderer\platforming_game\x64\debug\platforming_game.tlog\link.14044.read.1.tlog
c:\users\asus\desktop\vulkan_renderer\platforming_game\x64\debug\platforming_game.tlog\link.14044.read.2.tlog
c:\users\asus\desktop\vulkan_renderer\platforming_game\x64\debug\platforming_game.tlog\link.14044.write.1.tlog
c:\users\asus\desktop\vulkan_renderer\platforming_game\x64\debug\platforming_game.tlog\link.command.1.tlog
c:\users\asus\desktop\vulkan_renderer\platforming_game\x64\debug\platforming_game.tlog\link.read.1.tlog
c:\users\asus\desktop\vulkan_renderer\platforming_game\x64\debug\platforming_game.tlog\link.read.2.tlog
c:\users\asus\desktop\vulkan_renderer\platforming_game\x64\debug\platforming_game.tlog\link.write.1.tlog
